Job "ezSpectrum input.xml" has been started: Fri Apr 22 14:16:12 2022

A copy of the "input.xml" input:
------------------------------------------------------------------------------
<input
  job = "harmonic_pes">

<job_parameters
        temperature                              = "300"
                spectrum_intensity_threshold             = "0.001" >
                </job_parameters>

<!--
       ______________________________________________________________________

    Tags which start with "OPT_" will be ignored.
        To include these optional keywords please "uncomment" by removing
            "OPT_" from the start and the corresponding end tag (if present)
              ______________________________________________________________________

 -->

<parallel_approximation
        max_vibr_excitations_in_initial_el_state = "1"
                max_vibr_excitations_in_target_el_state  = "4"
                        combination_bands                        = "true"
                                use_normal_coordinates_of_target_states  = "true"
                                 >

  <OPT_do_not_excite_subspace size = "0" normal_modes = " " >
    </OPT_do_not_excite_subspace>

  <OPT_energy_thresholds  units="eV, K, cm-1">
      <initial_state   units="K">      1000    </initial_state>
          <target_state   units="eV">      0.25    </target_state>
            </OPT_energy_thresholds>

  <OPT_print_franck_condon_matrices flag="true">
    </OPT_print_franck_condon_matrices>

</parallel_approximation>

<!--
       ______________________________________________________________________

 -->

<OPT_dushinsky_rotations target_state="1"
      max_vibr_excitations_in_initial_el_state = "1"
            max_vibr_excitations_in_target_el_state  = "4"
                  >
                    <OPT_max_vibr_to_store  target_el_state="4">
                      </OPT_max_vibr_to_store>

  <OPT_do_not_excite_subspace size = "2" normal_modes = "0 1">
    </OPT_do_not_excite_subspace>

  <OPT_energy_thresholds  units="eV, K, cm-1">
      <initial_state   units="K">      1000    </initial_state>
          <target_state   units="eV">      0.25    </target_state>
            </OPT_energy_thresholds>

  <OPT_single_excitation
         ini="0"
                targ="1v1">
                  </OPT_single_excitation>

</OPT_dushinsky_rotations>

<!--
       ______________________________________________________________________

 -->

<initial_state>
  <!-- THIS INITIAL STATE IS FROM "tddft-uo2_cl2.pbe0-d3.freq.out" FILE -->

  <geometry
      number_of_atoms = "5"
          linear = "false"
              units   = "angstr"
                  text   = "
                        U      0.000000    0.000000    0.339002
                              O      0.000000    1.741842    0.577429
                                    O     -0.000000   -1.741842    0.577429
                                          Cl      1.992449   -0.000000   -1.189029
                                                Cl     -1.992449    0.000000   -1.189029
                                                             ">
                                                               </geometry>

  <OPT_manual_atoms_reordering
       new_order="0 1 2 3 4">
         </OPT_manual_atoms_reordering>

  <normal_modes
      if_mass_weighted="True"
          text = "
              -0.00  -0.00  -0.12    -0.00   0.09  -0.00     0.00  -0.00  -0.00
                  -0.00  -0.00  -0.15     0.00   0.02   0.62     0.66  -0.00  -0.00
                      -0.00   0.00  -0.15    -0.00   0.02  -0.62    -0.66  -0.00   0.00
                           0.49   0.00   0.47     0.00  -0.32   0.00    -0.00   0.26   0.00
                               -0.49   0.00   0.47    -0.00  -0.32   0.00    -0.00  -0.26  -0.00

     0.00  -0.00  -0.08    -0.06   0.00  -0.00    -0.00   0.00   0.14
         -0.00  -0.09   0.69     0.69  -0.00   0.00     0.00  -0.03  -0.11
             -0.00   0.09   0.69     0.69   0.00   0.00     0.00   0.03  -0.11
                  0.09   0.00  -0.05    -0.11   0.00   0.12     0.53  -0.00  -0.44
                      -0.09   0.00  -0.05    -0.11  -0.00  -0.12    -0.53  -0.00  -0.44

    -0.18  -0.00  -0.00     0.00  -0.00  -0.01    -0.00  -0.10   0.00
         0.21   0.00   0.00     0.00   0.70   0.08    -0.00   0.70   0.09
              0.21  -0.00   0.00    -0.00  -0.70   0.08    -0.00   0.70  -0.09
                   0.53   0.00  -0.40     0.02  -0.00  -0.01    -0.00   0.01   0.00
                        0.53  -0.00   0.40    -0.02  -0.00  -0.01     0.00   0.01   0.00

           "
              atoms = "    U   O   O   Cl  Cl             ">
                </normal_modes>

  <frequencies
      text = "
            67.4428               126.7733               135.2364
                 232.6061               245.0362               324.3944
                      325.5422               880.7219               917.1304
                                   ">
                                     </frequencies>

</initial_state>

<!--
       ______________________________________________________________________

 -->

<target_state>

  <excitation_energy units="eV"> 1 </excitation_energy>

  <!-- THIS TARGET STATE IS FROM "gs-uo2_cl2.pbe0-d3.freq.out" FILE -->
  <geometry
      number_of_atoms = "5"
          linear = "false"
              units   = "angstr"
                  text   = "
                        U      0.000000    0.000000    0.329368
                              O     -0.000000    1.721613    0.530848
                                    O     -0.000000   -1.721613    0.530848
                                          Cl      2.030576   -0.000000   -1.141042
                                                Cl     -2.030576    0.000000   -1.141042
                                                             ">
                                                               </geometry>

  <OPT_manual_atoms_reordering
       new_order="0 1 2 3 4">
         </OPT_manual_atoms_reordering>

  <normal_modes
      if_mass_weighted="True"
          text = "
              -0.00   0.00  -0.12    -0.00   0.09   0.00    -0.00  -0.00  -0.00
                  -0.00   0.00  -0.18     0.00   0.03   0.62     0.66  -0.00   0.00
                       0.00  -0.00  -0.18     0.00   0.03  -0.62    -0.66   0.00   0.00
                            0.47  -0.00   0.49    -0.00  -0.33   0.00     0.00   0.26  -0.00
                                -0.47   0.00   0.49     0.00  -0.33  -0.00    -0.00  -0.26  -0.00

    -0.00  -0.00  -0.08    -0.06  -0.00   0.00    -0.19  -0.00  -0.00
        -0.00  -0.07   0.69     0.69  -0.00  -0.00     0.19  -0.00  -0.00
             0.00   0.07   0.69     0.69  -0.00   0.00     0.19  -0.00   0.00
                  0.09  -0.00  -0.04    -0.11   0.00   0.11     0.55   0.00  -0.39
                      -0.09   0.00  -0.04    -0.11   0.00  -0.11     0.55   0.00   0.39

    -0.00   0.00   0.14     0.00  -0.00  -0.00    -0.00  -0.10  -0.00
        -0.00  -0.03  -0.10    -0.00   0.70   0.06     0.00   0.70   0.07
             0.00   0.03  -0.10     0.00  -0.70   0.06     0.00   0.70  -0.07
                  0.54  -0.00  -0.43     0.02  -0.00  -0.01     0.00   0.00  -0.00
                      -0.54   0.00  -0.43    -0.02   0.00  -0.01     0.00   0.00   0.00

           "
              atoms = "    U   O   O   Cl  Cl             ">
                </normal_modes>

  <OPT_manual_normal_modes_reordering
       new_order="0 1 2 3 4 5 6 7 8">
         </OPT_manual_normal_modes_reordering>

  <frequencies
      text = "
            52.2498               150.9216               177.1155
                 218.5957               237.5902               339.5904
                      342.9481               949.3348              1021.1937
                                   ">
                                     </frequencies>

</target_state>

<!--
       ______________________________________________________________________

 -->

</input>

------------------------------------------------------------------------------
 

====== Reading the initial state ======

Error: wrong format in [input.xml->input->initial_state->normal_modes(attribute="if_mass_weighted")]

